<?xml version="1.0" encoding="UTF-8"?>
<!-- Generated by org.testng.reporters.JUnitReportReporter -->
<testsuite hostname="Elvin-PC" failures="0" tests="2" name="testngpkg.testNG_GroupingDemo" time="0.006" errors="0" timestamp="2023-09-18T08:05:17 IST" skipped="0">
  <testcase classname="testngpkg.testNG_GroupingDemo" name="test2" time="0.001"/>
  <testcase classname="testngpkg.testNG_GroupingDemo" name="test1" time="0.005"/>
</testsuite> <!-- testngpkg.testNG_GroupingDemo -->
