<?xml version="1.0" encoding="UTF-8"?>
<!-- Generated by org.testng.reporters.JUnitReportReporter -->
<testsuite hostname="Elvin-PC" failures="0" tests="1" name="testngpkg.FB_testNG_Parameter_login" time="1.289" errors="0" timestamp="2023-09-18T10:24:28 IST" skipped="0">
  <testcase classname="testngpkg.FB_testNG_Parameter_login" name="credentials" time="1.289"/>
</testsuite> <!-- testngpkg.FB_testNG_Parameter_login -->
