<?xml version="1.0" encoding="UTF-8"?>
<!-- Generated by org.testng.reporters.JUnitReportReporter -->
<testsuite hostname="Elvin-PC" failures="0" tests="1" name="testngpkg.Scrolldown_amazon_help" time="1.479" errors="0" timestamp="2023-10-02T15:40:54 IST" skipped="0">
  <testcase classname="testngpkg.Scrolldown_amazon_help" name="test" time="1.479"/>
</testsuite> <!-- testngpkg.Scrolldown_amazon_help -->
