<?xml version="1.0" encoding="UTF-8"?>
<!-- Generated by org.testng.reporters.JUnitReportReporter -->
<testsuite hostname="Elvin-PC" failures="0" tests="1" name="testngpkg.Actions_CopyPaste" time="0.575" errors="0" timestamp="2023-09-20T09:43:37 IST" skipped="0">
  <testcase classname="testngpkg.Actions_CopyPaste" name="test" time="0.575"/>
</testsuite> <!-- testngpkg.Actions_CopyPaste -->
