<?xml version="1.0" encoding="UTF-8"?>
<!-- Generated by org.testng.reporters.JUnitReportReporter -->
<testsuite hostname="Elvin-PC" failures="0" tests="2" name="testngpkg.PQ_Rediff_RadioButton_ButtonEnabledornot" time="0.096" errors="0" timestamp="2023-09-18T10:54:51 IST" skipped="0">
  <testcase classname="testngpkg.PQ_Rediff_RadioButton_ButtonEnabledornot" name="genderRadiobutton" time="0.057"/>
  <testcase classname="testngpkg.PQ_Rediff_RadioButton_ButtonEnabledornot" name="createmyaccountButton" time="0.039"/>
</testsuite> <!-- testngpkg.PQ_Rediff_RadioButton_ButtonEnabledornot -->
