<?xml version="1.0" encoding="UTF-8"?>
<!-- Generated by org.testng.reporters.JUnitReportReporter -->
<testsuite hostname="Elvin-PC" failures="0" tests="1" name="testngpkg.Actions_Drag_n_Drop" time="1.664" errors="0" timestamp="2023-09-21T10:32:13 IST" skipped="0">
  <testcase classname="testngpkg.Actions_Drag_n_Drop" name="test" time="1.664"/>
</testsuite> <!-- testngpkg.Actions_Drag_n_Drop -->
