<?xml version="1.0" encoding="UTF-8"?>
<!-- Generated by org.testng.reporters.JUnitReportReporter -->
<testsuite hostname="Elvin-PC" failures="0" tests="1" name="testngpkg.FileUpload_Robot_Class" time="3.235" errors="0" timestamp="2023-09-22T10:16:10 IST" skipped="0">
  <testcase classname="testngpkg.FileUpload_Robot_Class" name="test" time="3.235"/>
</testsuite> <!-- testngpkg.FileUpload_Robot_Class -->
