<?xml version="1.0" encoding="UTF-8"?>
<!-- Generated by org.testng.reporters.JUnitReportReporter -->
<testsuite hostname="Elvin-PC" failures="0" tests="1" name="testngpkg.Lgin_Validation_Swagdemo" time="0.226" errors="0" timestamp="2023-10-02T14:05:35 IST" skipped="0">
  <testcase classname="testngpkg.Lgin_Validation_Swagdemo" name="test" time="0.226"/>
</testsuite> <!-- testngpkg.Lgin_Validation_Swagdemo -->
