<?xml version="1.0" encoding="UTF-8"?>
<!-- Generated by org.testng.reporters.JUnitReportReporter -->
<testsuite hostname="Elvin-PC" failures="0" tests="1" name="testngpkg.Parameterisation" time="0.009" errors="0" timestamp="2023-09-18T09:38:40 IST" skipped="0">
  <testcase classname="testngpkg.Parameterisation" name="test" time="0.009"/>
</testsuite> <!-- testngpkg.Parameterisation -->
