<?xml version="1.0" encoding="UTF-8"?>
<!-- Generated by org.testng.reporters.JUnitReportReporter -->
<testsuite hostname="Elvin-PC" failures="0" tests="1" name="testngpkg.PQ_MultiWindow_Amazon" time="9.329" errors="0" timestamp="2023-09-26T09:57:09 IST" skipped="0">
  <testcase classname="testngpkg.PQ_MultiWindow_Amazon" name="test" time="9.329"/>
</testsuite> <!-- testngpkg.PQ_MultiWindow_Amazon -->
