<?xml version="1.0" encoding="UTF-8"?>
<!-- Generated by org.testng.reporters.JUnitReportReporter -->
<testsuite hostname="Elvin-PC" failures="0" tests="1" name="testngpkg.Login_Validation_Swagdemo" time="0.482" errors="0" timestamp="2023-10-03T12:35:09 IST" skipped="0">
  <testcase classname="testngpkg.Login_Validation_Swagdemo" name="test" time="0.482"/>
</testsuite> <!-- testngpkg.Login_Validation_Swagdemo -->
