<?xml version="1.0" encoding="UTF-8"?>
<!-- Generated by org.testng.reporters.JUnitReportReporter -->
<testsuite hostname="Elvin-PC" failures="0" tests="5" name="testngpkg.TestNG_Demo" time="0.016" errors="0" timestamp="2023-09-16T22:46:21 IST" skipped="1">
  <testcase classname="testngpkg.TestNG_Demo" name="test2" time="0.002"/>
  <testcase classname="testngpkg.TestNG_Demo" name="test1" time="0.006"/>
  <testcase classname="testngpkg.TestNG_Demo" name="test1" time="0.005"/>
  <testcase classname="testngpkg.TestNG_Demo" name="test1" time="0.003"/>
  <testcase classname="testngpkg.TestNG_Demo" name="test3">
    <skipped/>
  </testcase> <!-- test3 -->
</testsuite> <!-- testngpkg.TestNG_Demo -->
