<?xml version="1.0" encoding="UTF-8"?>
<!-- Generated by org.testng.reporters.JUnitReportReporter -->
<testsuite hostname="Elvin-PC" failures="0" tests="1" name="testngpkg.PQ_GuruDemo" time="0.536" errors="0" timestamp="2023-09-20T10:33:47 IST" skipped="0">
  <testcase classname="testngpkg.PQ_GuruDemo" name="test" time="0.536"/>
</testsuite> <!-- testngpkg.PQ_GuruDemo -->
