<?xml version="1.0" encoding="UTF-8"?>
<!-- Generated by org.testng.reporters.JUnitReportReporter -->
<testsuite hostname="Elvin-PC" failures="0" tests="1" name="testngpkg.MutiWindow_Handling_GuruDemoPopup" time="2.313" errors="0" timestamp="2023-09-25T10:04:08 IST" skipped="0">
  <testcase classname="testngpkg.MutiWindow_Handling_GuruDemoPopup" name="test" time="2.313"/>
</testsuite> <!-- testngpkg.MutiWindow_Handling_GuruDemoPopup -->
