<?xml version="1.0" encoding="UTF-8"?>
<!-- Generated by org.testng.reporters.JUnitReportReporter -->
<testsuite hostname="Elvin-PC" failures="0" tests="1" name="testngpkg.DatepickerHandling" time="2.893" errors="0" timestamp="2023-10-03T09:52:36 IST" skipped="0">
  <testcase classname="testngpkg.DatepickerHandling" name="test" time="2.893"/>
</testsuite> <!-- testngpkg.DatepickerHandling -->
