<?xml version="1.0" encoding="UTF-8"?>
<!-- Generated by org.testng.reporters.JUnitReportReporter -->
<testsuite hostname="Elvin-PC" failures="0" tests="1" name="testngpkg.Actions_MouseHover_ebay" time="2.484" errors="0" timestamp="2023-09-21T09:45:12 IST" skipped="0">
  <testcase classname="testngpkg.Actions_MouseHover_ebay" name="test" time="2.484"/>
</testsuite> <!-- testngpkg.Actions_MouseHover_ebay -->
