<?xml version="1.0" encoding="UTF-8"?>
<!-- Generated by org.testng.reporters.JUnitReportReporter -->
<testsuite hostname="Elvin-PC" failures="0" tests="1" name="testngpkg.FileUpload_sendKeys" time="0.279" errors="0" timestamp="2023-09-22T09:27:17 IST" skipped="0">
  <testcase classname="testngpkg.FileUpload_sendKeys" name="test" time="0.279"/>
</testsuite> <!-- testngpkg.FileUpload_sendKeys -->
