<?xml version="1.0" encoding="UTF-8"?>
<!-- Generated by org.testng.reporters.JUnitReportReporter -->
<testsuite hostname="Elvin-PC" failures="0" tests="1" name="testngpkg.Actions_MouseHover_Implicit_Explicit_Waits" time="3.043" errors="0" timestamp="2023-09-21T11:25:09 IST" skipped="0">
  <testcase classname="testngpkg.Actions_MouseHover_Implicit_Explicit_Waits" name="test" time="3.043"/>
</testsuite> <!-- testngpkg.Actions_MouseHover_Implicit_Explicit_Waits -->
