<?xml version="1.0" encoding="UTF-8"?>
<!-- Generated by org.testng.reporters.JUnitReportReporter -->
<testsuite hostname="Elvin-PC" failures="0" tests="1" name="pom_test.Fbcreatepage_Test2" time="2.007" errors="0" timestamp="2023-10-02T22:30:12 IST" skipped="0">
  <testcase classname="pom_test.Fbcreatepage_Test2" name="testlogin" time="2.007"/>
</testsuite> <!-- pom_test.Fbcreatepage_Test2 -->
