<?xml version="1.0" encoding="UTF-8"?>
<!-- Generated by org.testng.reporters.JUnitReportReporter -->
<testsuite hostname="Elvin-PC" failures="0" tests="2" name="testngpkg.CrossBrowserTest" time="3.470" errors="0" timestamp="2023-09-19T09:41:55 IST" skipped="0">
  <testcase classname="testngpkg.CrossBrowserTest" name="test" time="1.554"/>
  <testcase classname="testngpkg.CrossBrowserTest" name="test" time="1.916"/>
</testsuite> <!-- testngpkg.CrossBrowserTest -->
