<?xml version="1.0" encoding="UTF-8"?>
<!-- Generated by org.testng.reporters.JUnitReportReporter -->
<testsuite hostname="Elvin-PC" failures="0" tests="4" name="testngpkg.PQ_ebay" time="0.391" errors="0" timestamp="2023-09-19T10:36:06 IST" skipped="0">
  <testcase classname="testngpkg.PQ_ebay" name="totalLinkCount" time="0.114"/>
  <testcase classname="testngpkg.PQ_ebay" name="searchButtonVerification" time="0.098"/>
  <testcase classname="testngpkg.PQ_ebay" name="logo" time="0.061"/>
  <testcase classname="testngpkg.PQ_ebay" name="DailyDeals" time="0.118"/>
</testsuite> <!-- testngpkg.PQ_ebay -->
