<?xml version="1.0" encoding="UTF-8"?>
<!-- Generated by org.testng.reporters.JUnitReportReporter -->
<testsuite hostname="Elvin-PC" failures="0" tests="1" name="pom_test.PQ_saucedemo_Test" time="23.409" errors="0" timestamp="2023-10-03T13:06:29 IST" skipped="0">
  <testcase classname="pom_test.PQ_saucedemo_Test" name="test" time="23.409"/>
</testsuite> <!-- pom_test.PQ_saucedemo_Test -->
