<?xml version="1.0" encoding="UTF-8"?>
<!-- Generated by org.testng.reporters.JUnitReportReporter -->
<testsuite hostname="Elvin-PC" failures="0" tests="1" name="testngpkg.Disable_Browser_Notifications" time="2.046" errors="0" timestamp="2023-10-02T15:07:09 IST" skipped="0">
  <testcase classname="testngpkg.Disable_Browser_Notifications" name="test" time="2.046"/>
</testsuite> <!-- testngpkg.Disable_Browser_Notifications -->
