<?xml version="1.0" encoding="UTF-8"?>
<!-- Generated by org.testng.reporters.JUnitReportReporter -->
<testsuite hostname="Elvin-PC" failures="0" tests="1" name="testngpkg.DataDrivenTesting_Facebook" time="35.599" errors="0" timestamp="2023-10-05T09:35:52 IST" skipped="0">
  <testcase classname="testngpkg.DataDrivenTesting_Facebook" name="test" time="35.599"/>
</testsuite> <!-- testngpkg.DataDrivenTesting_Facebook -->
